# JRE version: OpenJDK Runtime Environment Temurin-21.0.8+9 (21.0.8+9) (build 21.0.8+9-LTS)
# Java VM: OpenJDK 64-Bit Server VM Temurin-21.0.8+9 (21.0.8+9-LTS, mixed mode, sharing, tiered, compressed oops, compressed class ptrs, parallel gc, windows-amd64)
GC Precious Log:
 CardTable entry size: 512
 CPUs: 4 total, 4 available
 Memory: 3978M
 Large Page Support: Disabled
 NUMA Support: Disabled
 Compressed Oops: Enabled (32-bit)
 Alignments: Space 512K, Generation 512K, Heap 2M
 Heap Min Capacity: 100M
 Heap Initial Capacity: 100M
 Heap Max Capacity: 2G
 Pre-touch: Disabled
 Parallel Workers: 4
Heap:
 PSYoungGen      total 2560K, used 571K [0x00000000d5580000, 0x00000000d5980000, 0x0000000100000000)
  eden space 2048K, 15% used [0x00000000d5580000,0x00000000d55cec50,0x00000000d5780000)
  from space 512K, 50% used [0x00000000d5880000,0x00000000d58c0000,0x00000000d5900000)
  to   space 512K, 0% used [0x00000000d5900000,0x00000000d5900000,0x00000000d5980000)
 ParOldGen       total 454144K, used 453660K [0x0000000080000000, 0x000000009bb80000, 0x00000000d5580000)
  object space 454144K, 99% used [0x0000000080000000,0x000000009bb07118,0x000000009bb80000)
 Metaspace       used 94205K, committed 95936K, reserved 1179648K
  class space    used 9644K, committed 10496K, reserved 1048576K
GC Heap History (20 events):
Event: 6503.973 GC heap before
{Heap before GC invocations=2810 (full 6):
 PSYoungGen      total 7680K, used 7346K [0x00000000d5580000, 0x00000000d6180000, 0x0000000100000000)
  eden space 4096K, 100% used [0x00000000d5580000,0x00000000d5980000,0x00000000d5980000)
  from space 3584K, 90% used [0x00000000d5980000,0x00000000d5cacbf8,0x00000000d5d00000)
  to   space 4096K, 0% used [0x00000000d5d80000,0x00000000d5d80000,0x00000000d6180000)
 ParOldGen       total 444416K, used 444370K [0x0000000080000000, 0x000000009b200000, 0x00000000d5580000)
  object space 444416K, 99% used [0x0000000080000000,0x000000009b1f4978,0x000000009b200000)
 Metaspace       used 94197K, committed 95936K, reserved 1179648K
  class space    used 9644K, committed 10496K, reserved 1048576K
}
Event: 6503.977 GC heap after
{Heap after GC invocations=2810 (full 6):
 PSYoungGen      total 5120K, used 602K [0x00000000d5580000, 0x00000000d5e80000, 0x0000000100000000)
  eden space 4096K, 0% used [0x00000000d5580000,0x00000000d5580000,0x00000000d5980000)
  from space 1024K, 58% used [0x00000000d5d80000,0x00000000d5e16900,0x00000000d5e80000)
  to   space 2048K, 0% used [0x00000000d5a80000,0x00000000d5a80000,0x00000000d5c80000)
 ParOldGen       total 444928K, used 444874K [0x0000000080000000, 0x000000009b280000, 0x00000000d5580000)
  object space 444928K, 99% used [0x0000000080000000,0x000000009b272988,0x000000009b280000)
 Metaspace       used 94197K, committed 95936K, reserved 1179648K
  class space    used 9644K, committed 10496K, reserved 1048576K
}
Event: 6503.992 GC heap before
{Heap before GC invocations=2811 (full 6):
 PSYoungGen      total 5120K, used 4698K [0x00000000d5580000, 0x00000000d5e80000, 0x0000000100000000)
  eden space 4096K, 100% used [0x00000000d5580000,0x00000000d5980000,0x00000000d5980000)
  from space 1024K, 58% used [0x00000000d5d80000,0x00000000d5e16900,0x00000000d5e80000)
  to   space 2048K, 0% used [0x00000000d5a80000,0x00000000d5a80000,0x00000000d5c80000)
 ParOldGen       total 444928K, used 444874K [0x0000000080000000, 0x000000009b280000, 0x00000000d5580000)
  object space 444928K, 99% used [0x0000000080000000,0x000000009b272988,0x000000009b280000)
 Metaspace       used 94197K, committed 95936K, reserved 1179648K
  class space    used 9644K, committed 10496K, reserved 1048576K
}
Event: 6503.995 GC heap after
{Heap after GC invocations=2811 (full 6):
 PSYoungGen      total 5632K, used 1374K [0x00000000d5580000, 0x00000000d5e00000, 0x0000000100000000)
  eden space 4096K, 0% used [0x00000000d5580000,0x00000000d5580000,0x00000000d5980000)
  from space 1536K, 89% used [0x00000000d5a80000,0x00000000d5bd7908,0x00000000d5c00000)
  to   space 2048K, 0% used [0x00000000d5c00000,0x00000000d5c00000,0x00000000d5e00000)
 ParOldGen       total 445440K, used 445362K [0x0000000080000000, 0x000000009b300000, 0x00000000d5580000)
  object space 445440K, 99% used [0x0000000080000000,0x000000009b2ec9a8,0x000000009b300000)
 Metaspace       used 94197K, committed 95936K, reserved 1179648K
  class space    used 9644K, committed 10496K, reserved 1048576K
}
Event: 6504.011 GC heap before
{Heap before GC invocations=2812 (full 6):
 PSYoungGen      total 5632K, used 5470K [0x00000000d5580000, 0x00000000d5e00000, 0x0000000100000000)
  eden space 4096K, 100% used [0x00000000d5580000,0x00000000d5980000,0x00000000d5980000)
  from space 1536K, 89% used [0x00000000d5a80000,0x00000000d5bd7908,0x00000000d5c00000)
  to   space 2048K, 0% used [0x00000000d5c00000,0x00000000d5c00000,0x00000000d5e00000)
 ParOldGen       total 445440K, used 445362K [0x0000000080000000, 0x000000009b300000, 0x00000000d5580000)
  object space 445440K, 99% used [0x0000000080000000,0x000000009b2ec9a8,0x000000009b300000)
 Metaspace       used 94197K, committed 95936K, reserved 1179648K
  class space    used 9644K, committed 10496K, reserved 1048576K
}
Event: 6504.016 GC heap after
{Heap after GC invocations=2812 (full 6):
 PSYoungGen      total 3072K, used 2043K [0x00000000d5580000, 0x00000000d6480000, 0x0000000100000000)
  eden space 1024K, 0% used [0x00000000d5580000,0x00000000d5580000,0x00000000d5680000)
  from space 2048K, 99% used [0x00000000d5c00000,0x00000000d5dfef48,0x00000000d5e00000)
  to   space 5632K, 0% used [0x00000000d5680000,0x00000000d5680000,0x00000000d5c00000)
 ParOldGen       total 448512K, used 448027K [0x0000000080000000, 0x000000009b600000, 0x00000000d5580000)
  object space 448512K, 99% used [0x0000000080000000,0x000000009b586f58,0x000000009b600000)
 Metaspace       used 94197K, committed 95936K, reserved 1179648K
  class space    used 9644K, committed 10496K, reserved 1048576K
}
Event: 6504.022 GC heap before
{Heap before GC invocations=2813 (full 6):
 PSYoungGen      total 3072K, used 3043K [0x00000000d5580000, 0x00000000d6480000, 0x0000000100000000)
  eden space 1024K, 97% used [0x00000000d5580000,0x00000000d5679f80,0x00000000d5680000)
  from space 2048K, 99% used [0x00000000d5c00000,0x00000000d5dfef48,0x00000000d5e00000)
  to   space 5632K, 0% used [0x00000000d5680000,0x00000000d5680000,0x00000000d5c00000)
 ParOldGen       total 448512K, used 448027K [0x0000000080000000, 0x000000009b600000, 0x00000000d5580000)
  object space 448512K, 99% used [0x0000000080000000,0x000000009b586f58,0x000000009b600000)
 Metaspace       used 94197K, committed 95936K, reserved 1179648K
  class space    used 9644K, committed 10496K, reserved 1048576K
}
Event: 6504.025 GC heap after
{Heap after GC invocations=2813 (full 6):
 PSYoungGen      total 2048K, used 815K [0x00000000d5580000, 0x00000000d5c80000, 0x0000000100000000)
  eden space 1024K, 0% used [0x00000000d5580000,0x00000000d5580000,0x00000000d5680000)
  from space 1024K, 79% used [0x00000000d5680000,0x00000000d574bd30,0x00000000d5780000)
  to   space 2560K, 0% used [0x00000000d5a00000,0x00000000d5a00000,0x00000000d5c80000)
 ParOldGen       total 450560K, used 450056K [0x0000000080000000, 0x000000009b800000, 0x00000000d5580000)
  object space 450560K, 99% used [0x0000000080000000,0x000000009b7821a8,0x000000009b800000)
 Metaspace       used 94197K, committed 95936K, reserved 1179648K
  class space    used 9644K, committed 10496K, reserved 1048576K
}
Event: 6504.084 GC heap before
{Heap before GC invocations=2814 (full 6):
 PSYoungGen      total 2048K, used 1839K [0x00000000d5580000, 0x00000000d5c80000, 0x0000000100000000)
  eden space 1024K, 100% used [0x00000000d5580000,0x00000000d5680000,0x00000000d5680000)
  from space 1024K, 79% used [0x00000000d5680000,0x00000000d574bd30,0x00000000d5780000)
  to   space 2560K, 0% used [0x00000000d5a00000,0x00000000d5a00000,0x00000000d5c80000)
 ParOldGen       total 450560K, used 450056K [0x0000000080000000, 0x000000009b800000, 0x00000000d5580000)
  object space 450560K, 99% used [0x0000000080000000,0x000000009b7821a8,0x000000009b800000)
 Metaspace       used 94197K, committed 95936K, reserved 1179648K
  class space    used 9644K, committed 10496K, reserved 1048576K
}
Event: 6504.087 GC heap after
{Heap after GC invocations=2814 (full 6):
 PSYoungGen      total 2048K, used 893K [0x00000000d5580000, 0x00000000d5b00000, 0x0000000100000000)
  eden space 1024K, 0% used [0x00000000d5580000,0x00000000d5580000,0x00000000d5680000)
  from space 1024K, 87% used [0x00000000d5a00000,0x00000000d5adf478,0x00000000d5b00000)
  to   space 1536K, 0% used [0x00000000d5800000,0x00000000d5800000,0x00000000d5980000)
 ParOldGen       total 451072K, used 450841K [0x0000000080000000, 0x000000009b880000, 0x00000000d5580000)
  object space 451072K, 99% used [0x0000000080000000,0x000000009b8467d8,0x000000009b880000)
 Metaspace       used 94197K, committed 95936K, reserved 1179648K
  class space    used 9644K, committed 10496K, reserved 1048576K
}
Event: 6504.093 GC heap before
{Heap before GC invocations=2815 (full 6):
 PSYoungGen      total 2048K, used 1917K [0x00000000d5580000, 0x00000000d5b00000, 0x0000000100000000)
  eden space 1024K, 100% used [0x00000000d5580000,0x00000000d5680000,0x00000000d5680000)
  from space 1024K, 87% used [0x00000000d5a00000,0x00000000d5adf478,0x00000000d5b00000)
  to   space 1536K, 0% used [0x00000000d5800000,0x00000000d5800000,0x00000000d5980000)
 ParOldGen       total 451072K, used 450841K [0x0000000080000000, 0x000000009b880000, 0x00000000d5580000)
  object space 451072K, 99% used [0x0000000080000000,0x000000009b8467d8,0x000000009b880000)
 Metaspace       used 94197K, committed 95936K, reserved 1179648K
  class space    used 9644K, committed 10496K, reserved 1048576K
}
Event: 6504.095 GC heap after
{Heap after GC invocations=2815 (full 6):
 PSYoungGen      total 2560K, used 903K [0x00000000d5580000, 0x00000000d5a80000, 0x0000000100000000)
  eden space 1024K, 0% used [0x00000000d5580000,0x00000000d5580000,0x00000000d5680000)
  from space 1536K, 58% used [0x00000000d5800000,0x00000000d58e1f18,0x00000000d5980000)
  to   space 1024K, 0% used [0x00000000d5980000,0x00000000d5980000,0x00000000d5a80000)
 ParOldGen       total 452096K, used 451636K [0x0000000080000000, 0x000000009b980000, 0x00000000d5580000)
  object space 452096K, 99% used [0x0000000080000000,0x000000009b90d1e0,0x000000009b980000)
 Metaspace       used 94197K, committed 95936K, reserved 1179648K
  class space    used 9644K, committed 10496K, reserved 1048576K
}
Event: 6504.103 GC heap before
{Heap before GC invocations=2816 (full 6):
 PSYoungGen      total 2560K, used 1927K [0x00000000d5580000, 0x00000000d5a80000, 0x0000000100000000)
  eden space 1024K, 100% used [0x00000000d5580000,0x00000000d5680000,0x00000000d5680000)
  from space 1536K, 58% used [0x00000000d5800000,0x00000000d58e1f18,0x00000000d5980000)
  to   space 1024K, 0% used [0x00000000d5980000,0x00000000d5980000,0x00000000d5a80000)
 ParOldGen       total 452096K, used 451636K [0x0000000080000000, 0x000000009b980000, 0x00000000d5580000)
  object space 452096K, 99% used [0x0000000080000000,0x000000009b90d1e0,0x000000009b980000)
 Metaspace       used 94202K, committed 95936K, reserved 1179648K
  class space    used 9644K, committed 10496K, reserved 1048576K
}
Event: 6504.105 GC heap after
{Heap after GC invocations=2816 (full 6):
 PSYoungGen      total 2048K, used 729K [0x00000000d5580000, 0x00000000d5a80000, 0x0000000100000000)
  eden space 1024K, 0% used [0x00000000d5580000,0x00000000d5580000,0x00000000d5680000)
  from space 1024K, 71% used [0x00000000d5980000,0x00000000d5a36500,0x00000000d5a80000)
  to   space 1024K, 0% used [0x00000000d5880000,0x00000000d5880000,0x00000000d5980000)
 ParOldGen       total 452608K, used 452521K [0x0000000080000000, 0x000000009ba00000, 0x00000000d5580000)
  object space 452608K, 99% used [0x0000000080000000,0x000000009b9ea5f8,0x000000009ba00000)
 Metaspace       used 94202K, committed 95936K, reserved 1179648K
  class space    used 9644K, committed 10496K, reserved 1048576K
}
Event: 6504.371 GC heap before
{Heap before GC invocations=2817 (full 6):
 PSYoungGen      total 2048K, used 1744K [0x00000000d5580000, 0x00000000d5a80000, 0x0000000100000000)
  eden space 1024K, 99% used [0x00000000d5580000,0x00000000d567db08,0x00000000d5680000)
  from space 1024K, 71% used [0x00000000d5980000,0x00000000d5a36500,0x00000000d5a80000)
  to   space 1024K, 0% used [0x00000000d5880000,0x00000000d5880000,0x00000000d5980000)
 ParOldGen       total 452608K, used 452521K [0x0000000080000000, 0x000000009ba00000, 0x00000000d5580000)
  object space 452608K, 99% used [0x0000000080000000,0x000000009b9ea5f8,0x000000009ba00000)
 Metaspace       used 94202K, committed 95936K, reserved 1179648K
  class space    used 9644K, committed 10496K, reserved 1048576K
}
Event: 6504.374 GC heap after
{Heap after GC invocations=2817 (full 6):
 PSYoungGen      total 1536K, used 448K [0x00000000d5580000, 0x00000000d5a00000, 0x0000000100000000)
  eden space 1024K, 0% used [0x00000000d5580000,0x00000000d5580000,0x00000000d5680000)
  from space 512K, 87% used [0x00000000d5880000,0x00000000d58f0000,0x00000000d5900000)
  to   space 1024K, 0% used [0x00000000d5900000,0x00000000d5900000,0x00000000d5a00000)
 ParOldGen       total 453632K, used 453196K [0x0000000080000000, 0x000000009bb00000, 0x00000000d5580000)
  object space 453632K, 99% used [0x0000000080000000,0x000000009ba93118,0x000000009bb00000)
 Metaspace       used 94202K, committed 95936K, reserved 1179648K
  class space    used 9644K, committed 10496K, reserved 1048576K
}
Event: 6504.379 GC heap before
{Heap before GC invocations=2818 (full 6):
 PSYoungGen      total 1536K, used 1472K [0x00000000d5580000, 0x00000000d5a00000, 0x0000000100000000)
  eden space 1024K, 100% used [0x00000000d5580000,0x00000000d5680000,0x00000000d5680000)
  from space 512K, 87% used [0x00000000d5880000,0x00000000d58f0000,0x00000000d5900000)
  to   space 1024K, 0% used [0x00000000d5900000,0x00000000d5900000,0x00000000d5a00000)
 ParOldGen       total 453632K, used 453196K [0x0000000080000000, 0x000000009bb00000, 0x00000000d5580000)
  object space 453632K, 99% used [0x0000000080000000,0x000000009ba93118,0x000000009bb00000)
 Metaspace       used 94202K, committed 95936K, reserved 1179648K
  class space    used 9644K, committed 10496K, reserved 1048576K
}
Event: 6504.594 GC heap after
{Heap after GC invocations=2818 (full 6):
 PSYoungGen      total 2048K, used 160K [0x00000000d5580000, 0x00000000d5980000, 0x0000000100000000)
  eden space 1536K, 0% used [0x00000000d5580000,0x00000000d5580000,0x00000000d5700000)
  from space 512K, 31% used [0x00000000d5900000,0x00000000d5928000,0x00000000d5980000)
  to   space 512K, 0% used [0x00000000d5880000,0x00000000d5880000,0x00000000d5900000)
 ParOldGen       total 453632K, used 453572K [0x0000000080000000, 0x000000009bb00000, 0x00000000d5580000)
  object space 453632K, 99% used [0x0000000080000000,0x000000009baf1118,0x000000009bb00000)
 Metaspace       used 94202K, committed 95936K, reserved 1179648K
  class space    used 9644K, committed 10496K, reserved 1048576K
}
Event: 6504.602 GC heap before
{Heap before GC invocations=2819 (full 6):
 PSYoungGen      total 2048K, used 1696K [0x00000000d5580000, 0x00000000d5980000, 0x0000000100000000)
  eden space 1536K, 100% used [0x00000000d5580000,0x00000000d5700000,0x00000000d5700000)
  from space 512K, 31% used [0x00000000d5900000,0x00000000d5928000,0x00000000d5980000)
  to   space 512K, 0% used [0x00000000d5880000,0x00000000d5880000,0x00000000d5900000)
 ParOldGen       total 453632K, used 453572K [0x0000000080000000, 0x000000009bb00000, 0x00000000d5580000)
  object space 453632K, 99% used [0x0000000080000000,0x000000009baf1118,0x000000009bb00000)
 Metaspace       used 94202K, committed 95936K, reserved 1179648K
  class space    used 9644K, committed 10496K, reserved 1048576K
}
Event: 6505.071 GC heap after
{Heap after GC invocations=2819 (full 6):
 PSYoungGen      total 2560K, used 256K [0x00000000d5580000, 0x00000000d5980000, 0x0000000100000000)
  eden space 2048K, 0% used [0x00000000d5580000,0x00000000d5580000,0x00000000d5780000)
  from space 512K, 50% used [0x00000000d5880000,0x00000000d58c0000,0x00000000d5900000)
  to   space 512K, 0% used [0x00000000d5900000,0x00000000d5900000,0x00000000d5980000)
 ParOldGen       total 454144K, used 453660K [0x0000000080000000, 0x000000009bb80000, 0x00000000d5580000)
  object space 454144K, 99% used [0x0000000080000000,0x000000009bb07118,0x000000009bb80000)
 Metaspace       used 94202K, committed 95936K, reserved 1179648K
  class space    used 9644K, committed 10496K, reserved 1048576K
}

